d:\nu\documents\ucm\2019-2020\tecnología de la programación de videojuegos i\repo\arrows\practica3\debug\vc142.pdb
d:\nu\documents\ucm\2019-2020\tecnología de la programación de videojuegos i\repo\arrows\practica3\debug\vc142.idb
d:\nu\documents\ucm\2019-2020\tecnología de la programación de videojuegos i\repo\arrows\practica3\debug\vector2d.obj
d:\nu\documents\ucm\2019-2020\tecnología de la programación de videojuegos i\repo\arrows\practica3\debug\texture.obj
d:\nu\documents\ucm\2019-2020\tecnología de la programación de videojuegos i\repo\arrows\practica3\debug\sdlapp.obj
d:\nu\documents\ucm\2019-2020\tecnología de la programación de videojuegos i\repo\arrows\practica3\debug\scoreboard.obj
d:\nu\documents\ucm\2019-2020\tecnología de la programación de videojuegos i\repo\arrows\practica3\debug\reward.obj
d:\nu\documents\ucm\2019-2020\tecnología de la programación de videojuegos i\repo\arrows\practica3\debug\playstate.obj
d:\nu\documents\ucm\2019-2020\tecnología de la programación de videojuegos i\repo\arrows\practica3\debug\pausestate.obj
d:\nu\documents\ucm\2019-2020\tecnología de la programación de videojuegos i\repo\arrows\practica3\debug\menubutton.obj
d:\nu\documents\ucm\2019-2020\tecnología de la programación de videojuegos i\repo\arrows\practica3\debug\mainmenustate.obj
d:\nu\documents\ucm\2019-2020\tecnología de la programación de videojuegos i\repo\arrows\practica3\debug\main.obj
d:\nu\documents\ucm\2019-2020\tecnología de la programación de videojuegos i\repo\arrows\practica3\debug\gamestatemachine.obj
d:\nu\documents\ucm\2019-2020\tecnología de la programación de videojuegos i\repo\arrows\practica3\debug\gamestate.obj
d:\nu\documents\ucm\2019-2020\tecnología de la programación de videojuegos i\repo\arrows\practica3\debug\endstate.obj
d:\nu\documents\ucm\2019-2020\tecnología de la programación de videojuegos i\repo\arrows\practica3\debug\butterfly.obj
d:\nu\documents\ucm\2019-2020\tecnología de la programación de videojuegos i\repo\arrows\practica3\debug\bow.obj
d:\nu\documents\ucm\2019-2020\tecnología de la programación de videojuegos i\repo\arrows\practica3\debug\balloon.obj
d:\nu\documents\ucm\2019-2020\tecnología de la programación de videojuegos i\repo\arrows\practica3\debug\arrowsgameobject.obj
d:\nu\documents\ucm\2019-2020\tecnología de la programación de videojuegos i\repo\arrows\practica3\debug\arrow.obj
d:\nu\documents\ucm\2019-2020\tecnología de la programación de videojuegos i\repo\arrows\bin\practica3debug.exe
d:\nu\documents\ucm\2019-2020\tecnología de la programación de videojuegos i\repo\arrows\bin\practica3debug.ilk
d:\nu\documents\ucm\2019-2020\tecnología de la programación de videojuegos i\repo\arrows\bin\practica3debug.pdb
d:\nu\documents\ucm\2019-2020\tecnología de la programación de videojuegos i\repo\arrows\practica3\debug\practica3.tlog\cl.command.1.tlog
d:\nu\documents\ucm\2019-2020\tecnología de la programación de videojuegos i\repo\arrows\practica3\debug\practica3.tlog\cl.read.1.tlog
d:\nu\documents\ucm\2019-2020\tecnología de la programación de videojuegos i\repo\arrows\practica3\debug\practica3.tlog\cl.write.1.tlog
d:\nu\documents\ucm\2019-2020\tecnología de la programación de videojuegos i\repo\arrows\practica3\debug\practica3.tlog\link.command.1.tlog
d:\nu\documents\ucm\2019-2020\tecnología de la programación de videojuegos i\repo\arrows\practica3\debug\practica3.tlog\link.read.1.tlog
d:\nu\documents\ucm\2019-2020\tecnología de la programación de videojuegos i\repo\arrows\practica3\debug\practica3.tlog\link.write.1.tlog
